<?xml version="1.0" encoding="UTF-8"?>
<coverage generated="1746368859743" clover="3.2.0">
  <project timestamp="1746368859744" name="All files">
    <metrics statements="27" coveredstatements="21" conditionals="2" coveredconditionals="1" methods="11" coveredmethods="5" elements="40" coveredelements="27" complexity="0" loc="27" ncloc="27" packages="2" files="7" classes="7"/>
    <package name="src">
      <metrics statements="21" coveredstatements="18" conditionals="2" coveredconditionals="1" methods="8" coveredmethods="5"/>
      <file name="Contact.js" path="C:\Users\Asus\OneDrive\Desktop\React JS\src\Contact.js">
        <metrics statements="3" coveredstatements="2" conditionals="0" coveredconditionals="0" methods="2" coveredmethods="1"/>
        <line num="1" count="1" type="stmt"/>
        <line num="2" count="2" type="stmt"/>
        <line num="7" count="0" type="stmt"/>
      </file>
      <file name="Header.js" path="C:\Users\Asus\OneDrive\Desktop\React JS\src\Header.js">
        <metrics statements="6" coveredstatements="6" conditionals="2" coveredconditionals="1" methods="3" coveredmethods="3"/>
        <line num="6" count="1" type="stmt"/>
        <line num="7" count="3" type="stmt"/>
        <line num="8" count="3" type="stmt"/>
        <line num="10" count="5" type="stmt"/>
        <line num="12" count="3" type="stmt"/>
        <line num="26" count="1" type="cond" truecount="1" falsecount="1"/>
      </file>
      <file name="Restrocard.js" path="C:\Users\Asus\OneDrive\Desktop\React JS\src\Restrocard.js">
        <metrics statements="7" coveredstatements="5" conditionals="0" coveredconditionals="0" methods="3" coveredmethods="1"/>
        <line num="2" count="1" type="stmt"/>
        <line num="3" count="1" type="stmt"/>
        <line num="10" count="1" type="stmt"/>
        <line num="12" count="1" type="stmt"/>
        <line num="23" count="1" type="stmt"/>
        <line num="24" count="0" type="stmt"/>
        <line num="25" count="0" type="stmt"/>
      </file>
      <file name="Usercontext.js" path="C:\Users\Asus\OneDrive\Desktop\React JS\src\Usercontext.js">
        <metrics statements="1" coveredstatements="1" conditionals="0" coveredconditionals="0" methods="0" coveredmethods="0"/>
        <line num="2" count="1" type="stmt"/>
      </file>
      <file name="utils.js" path="C:\Users\Asus\OneDrive\Desktop\React JS\src\utils.js">
        <metrics statements="4" coveredstatements="4" conditionals="0" coveredconditionals="0" methods="0" coveredmethods="0"/>
        <line num="1" count="2" type="stmt"/>
        <line num="3" count="2" type="stmt"/>
        <line num="4" count="2" type="stmt"/>
        <line num="8" count="2" type="stmt"/>
      </file>
    </package>
    <package name="utility">
      <metrics statements="6" coveredstatements="3" conditionals="0" coveredconditionals="0" methods="3" coveredmethods="0"/>
      <file name="Appstore.js" path="C:\Users\Asus\OneDrive\Desktop\React JS\utility\Appstore.js">
        <metrics statements="1" coveredstatements="1" conditionals="0" coveredconditionals="0" methods="0" coveredmethods="0"/>
        <line num="3" count="1" type="stmt"/>
      </file>
      <file name="cartSlice.js" path="C:\Users\Asus\OneDrive\Desktop\React JS\utility\cartSlice.js">
        <metrics statements="5" coveredstatements="2" conditionals="0" coveredconditionals="0" methods="3" coveredmethods="0"/>
        <line num="2" count="1" type="stmt"/>
        <line num="9" count="0" type="stmt"/>
        <line num="12" count="0" type="stmt"/>
        <line num="15" count="0" type="stmt"/>
        <line num="19" count="1" type="stmt"/>
      </file>
    </package>
  </project>
</coverage>
