{"C:\\Users\\Asus\\OneDrive\\Desktop\\React JS\\src\\Contact.js": {"path":"C:\\Users\\Asus\\OneDrive\\Desktop\\React JS\\src\\Contact.js","statementMap":{"0":{"start":{"line":1,"column":14},"end":{"line":10,"column":1}},"1":{"start":{"line":2,"column":4},"end":{"line":9,"column":10}},"2":{"start":{"line":7,"column":122},"end":{"line":7,"column":140}}},"fnMap":{"0":{"name":"(anonymous_0)","decl":{"start":{"line":1,"column":14},"end":{"line":1,"column":15}},"loc":{"start":{"line":1,"column":18},"end":{"line":10,"column":1}},"line":1},"1":{"name":"(anonymous_1)","decl":{"start":{"line":7,"column":117},"end":{"line":7,"column":118}},"loc":{"start":{"line":7,"column":122},"end":{"line":7,"column":140}},"line":7}},"branchMap":{},"s":{"0":1,"1":2,"2":0},"f":{"0":2,"1":0},"b":{},"_coverageSchema":"1a1c01bbd47fc00a2c39e90264f33305004495a9","hash":"92e8841cfdb1a3bfeb299592a3093de0530156aa"}
,"C:\\Users\\Asus\\OneDrive\\Desktop\\React JS\\src\\Header.js": {"path":"C:\\Users\\Asus\\OneDrive\\Desktop\\React JS\\src\\Header.js","statementMap":{"0":{"start":{"line":6,"column":21},"end":{"line":39,"column":2}},"1":{"start":{"line":7,"column":32},"end":{"line":7,"column":49}},"2":{"start":{"line":8,"column":21},"end":{"line":8,"column":44}},"3":{"start":{"line":10,"column":18},"end":{"line":10,"column":56}},"4":{"start":{"line":10,"column":39},"end":{"line":10,"column":55}},"5":{"start":{"line":12,"column":4},"end":{"line":38,"column":6}},"6":{"start":{"line":26,"column":15},"end":{"line":26,"column":77}}},"fnMap":{"0":{"name":"(anonymous_0)","decl":{"start":{"line":6,"column":21},"end":{"line":6,"column":22}},"loc":{"start":{"line":6,"column":25},"end":{"line":39,"column":2}},"line":6},"1":{"name":"(anonymous_1)","decl":{"start":{"line":10,"column":30},"end":{"line":10,"column":31}},"loc":{"start":{"line":10,"column":39},"end":{"line":10,"column":55}},"line":10},"2":{"name":"(anonymous_2)","decl":{"start":{"line":25,"column":49},"end":{"line":25,"column":50}},"loc":{"start":{"line":25,"column":53},"end":{"line":27,"column":14}},"line":25}},"branchMap":{"0":{"loc":{"start":{"line":26,"column":15},"end":{"line":26,"column":77}},"type":"cond-expr","locations":[{"start":{"line":26,"column":41},"end":{"line":26,"column":59}},{"start":{"line":26,"column":60},"end":{"line":26,"column":77}}],"line":26}},"s":{"0":1,"1":3,"2":3,"3":3,"4":5,"5":3,"6":1},"f":{"0":3,"1":5,"2":1},"b":{"0":[1,0]},"_coverageSchema":"1a1c01bbd47fc00a2c39e90264f33305004495a9","hash":"7c0ad746be942fa4e9b31db915f96ef40ea35c7e"}
,"C:\\Users\\Asus\\OneDrive\\Desktop\\React JS\\src\\Restrocard.js": {"path":"C:\\Users\\Asus\\OneDrive\\Desktop\\React JS\\src\\Restrocard.js","statementMap":{"0":{"start":{"line":2,"column":18},"end":{"line":22,"column":2}},"1":{"start":{"line":3,"column":18},"end":{"line":3,"column":23}},"2":{"start":{"line":10,"column":4},"end":{"line":10,"column":17}},"3":{"start":{"line":12,"column":4},"end":{"line":20,"column":5}},"4":{"start":{"line":23,"column":33},"end":{"line":30,"column":1}},"5":{"start":{"line":24,"column":2},"end":{"line":29,"column":3}},"6":{"start":{"line":25,"column":6},"end":{"line":28,"column":13}}},"fnMap":{"0":{"name":"(anonymous_0)","decl":{"start":{"line":2,"column":18},"end":{"line":2,"column":19}},"loc":{"start":{"line":2,"column":27},"end":{"line":22,"column":2}},"line":2},"1":{"name":"(anonymous_1)","decl":{"start":{"line":23,"column":33},"end":{"line":23,"column":34}},"loc":{"start":{"line":23,"column":48},"end":{"line":30,"column":1}},"line":23},"2":{"name":"(anonymous_2)","decl":{"start":{"line":24,"column":9},"end":{"line":24,"column":10}},"loc":{"start":{"line":24,"column":18},"end":{"line":29,"column":3}},"line":24}},"branchMap":{},"s":{"0":1,"1":1,"2":1,"3":1,"4":1,"5":0,"6":0},"f":{"0":1,"1":0,"2":0},"b":{},"_coverageSchema":"1a1c01bbd47fc00a2c39e90264f33305004495a9","hash":"f7b659228602de75ea1463512d644ff3c159c037"}
,"C:\\Users\\Asus\\OneDrive\\Desktop\\React JS\\src\\Usercontext.js": {"path":"C:\\Users\\Asus\\OneDrive\\Desktop\\React JS\\src\\Usercontext.js","statementMap":{"0":{"start":{"line":2,"column":16},"end":{"line":4,"column":2}}},"fnMap":{},"branchMap":{},"s":{"0":1},"f":{},"b":{},"_coverageSchema":"1a1c01bbd47fc00a2c39e90264f33305004495a9","hash":"f8068b405c0b63bfa75903f06c60d0cccbab4eaa"}
,"C:\\Users\\Asus\\OneDrive\\Desktop\\React JS\\src\\utils.js": {"path":"C:\\Users\\Asus\\OneDrive\\Desktop\\React JS\\src\\utils.js","statementMap":{"0":{"start":{"line":1,"column":17},"end":{"line":1,"column":111}},"1":{"start":{"line":3,"column":24},"end":{"line":3,"column":144}},"2":{"start":{"line":4,"column":22},"end":{"line":4,"column":105}},"3":{"start":{"line":8,"column":22},"end":{"line":8,"column":145}}},"fnMap":{},"branchMap":{},"s":{"0":2,"1":2,"2":2,"3":2},"f":{},"b":{},"_coverageSchema":"1a1c01bbd47fc00a2c39e90264f33305004495a9","hash":"1377c36f8355d0968f5b676bcc74ed6fc95e769e"}
,"C:\\Users\\Asus\\OneDrive\\Desktop\\React JS\\utility\\Appstore.js": {"path":"C:\\Users\\Asus\\OneDrive\\Desktop\\React JS\\utility\\Appstore.js","statementMap":{"0":{"start":{"line":3,"column":15},"end":{"line":9,"column":2}}},"fnMap":{},"branchMap":{},"s":{"0":1},"f":{},"b":{},"_coverageSchema":"1a1c01bbd47fc00a2c39e90264f33305004495a9","hash":"6ab6f62dd324c7a9605c2a9370aa559e1f2b8d6b"}
,"C:\\Users\\Asus\\OneDrive\\Desktop\\React JS\\utility\\cartSlice.js": {"path":"C:\\Users\\Asus\\OneDrive\\Desktop\\React JS\\utility\\cartSlice.js","statementMap":{"0":{"start":{"line":2,"column":16},"end":{"line":18,"column":2}},"1":{"start":{"line":9,"column":12},"end":{"line":9,"column":45}},"2":{"start":{"line":12,"column":12},"end":{"line":12,"column":30}},"3":{"start":{"line":15,"column":12},"end":{"line":15,"column":33}},"4":{"start":{"line":19,"column":44},"end":{"line":19,"column":61}}},"fnMap":{"0":{"name":"(anonymous_0)","decl":{"start":{"line":8,"column":16},"end":{"line":8,"column":17}},"loc":{"start":{"line":8,"column":32},"end":{"line":10,"column":9}},"line":8},"1":{"name":"(anonymous_1)","decl":{"start":{"line":11,"column":19},"end":{"line":11,"column":20}},"loc":{"start":{"line":11,"column":28},"end":{"line":13,"column":9}},"line":11},"2":{"name":"(anonymous_2)","decl":{"start":{"line":14,"column":18},"end":{"line":14,"column":19}},"loc":{"start":{"line":14,"column":27},"end":{"line":16,"column":9}},"line":14}},"branchMap":{},"s":{"0":1,"1":0,"2":0,"3":0,"4":1},"f":{"0":0,"1":0,"2":0},"b":{},"_coverageSchema":"1a1c01bbd47fc00a2c39e90264f33305004495a9","hash":"cf95c4b82d204a6c487d9e210c924a18d8c99f22"}
}
